com.aware.plugin.google.activity_recognition/build/outputs/logs/manifest-merger-debug-report.txt
-- Merging decision tree log ---
manifest
ADDED from AndroidManifest.xml:1:1
	xmlns:tools
		ADDED from AndroidManifest.xml:1:70
	xmlns:android
		ADDED from AndroidManifest.xml:1:11
	package
		ADDED from AndroidManifest.xml:2:5
		INJECTED from AndroidManifest.xml:0:0
		INJECTED from AndroidManifest.xml:0:0
	android:versionName
		INJECTED from AndroidManifest.xml:0:0
		INJECTED from AndroidManifest.xml:0:0
	android:versionCode
		INJECTED from AndroidManifest.xml:0:0
		INJECTED from AndroidManifest.xml:0:0
uses-permission#com.google.android.gms.permission.ACTIVITY_RECOGNITION
ADDED from AndroidManifest.xml:4:5
	android:name
		ADDED from AndroidManifest.xml:4:22
application
ADDED from AndroidManifest.xml:6:5
MERGED from com.android.support:appcompat-v7:23.1.1:22:5
MERGED from com.android.support:support-v4:23.1.1:22:5
MERGED from com.google.android.gms:play-services-location:8.3.0:19:5
MERGED from com.google.android.gms:play-services-basement:8.3.0:20:5
MERGED from com.android.support:support-v4:23.1.1:22:5
MERGED from com.google.android.gms:play-services-maps:8.3.0:27:5
MERGED from com.google.android.gms:play-services-basement:8.3.0:20:5
MERGED from com.android.support:support-v4:23.1.1:22:5
MERGED from com.android.support:cardview-v7:23.1.1:22:5
MERGED from com.awareframework:aware-core:3.9.5:53:5
	android:label
		ADDED from AndroidManifest.xml:8:9
	android:icon
		ADDED from AndroidManifest.xml:7:9
		REJECTED from com.awareframework:aware-core:3.9.5:55:9
	android:hardwareAccelerated
		ADDED from com.awareframework:aware-core:3.9.5:54:9
	android:theme
		ADDED from AndroidManifest.xml:9:9
	tools:replace
		ADDED from AndroidManifest.xml:10:9
meta-data#com.google.android.gms.version
ADDED from AndroidManifest.xml:12:9
MERGED from com.google.android.gms:play-services-basement:8.3.0:21:9
MERGED from com.google.android.gms:play-services-basement:8.3.0:21:9
MERGED from com.awareframework:aware-core:3.9.5:58:9
	android:name
		ADDED from AndroidManifest.xml:13:13
	android:value
		ADDED from AndroidManifest.xml:14:13
service#com.aware.plugin.google.activity_recognition.Algorithm
ADDED from AndroidManifest.xml:16:9
	android:label
		ADDED from AndroidManifest.xml:19:13
	android:exported
		ADDED from AndroidManifest.xml:18:13
	android:name
		ADDED from AndroidManifest.xml:17:13
activity#com.aware.plugin.google.activity_recognition.Settings
ADDED from AndroidManifest.xml:21:9
	android:label
		ADDED from AndroidManifest.xml:26:13
	android:configChanges
		ADDED from AndroidManifest.xml:23:13
	android:theme
		ADDED from AndroidManifest.xml:25:13
	android:exported
		ADDED from AndroidManifest.xml:24:13
	android:name
		ADDED from AndroidManifest.xml:22:13
provider#com.aware.plugin.google.activity_recognition.Google_AR_Provider
ADDED from AndroidManifest.xml:28:9
	android:exported
		ADDED from AndroidManifest.xml:31:13
	android:authorities
		ADDED from AndroidManifest.xml:30:13
		INJECTED from AndroidManifest.xml:0:0
	android:readPermission
		ADDED from AndroidManifest.xml:32:13
	android:name
		ADDED from AndroidManifest.xml:29:13
	android:writePermission
		ADDED from AndroidManifest.xml:33:13
service#com.aware.plugin.google.activity_recognition.Plugin
ADDED from AndroidManifest.xml:35:9
	android:label
		ADDED from AndroidManifest.xml:38:13
	android:exported
		ADDED from AndroidManifest.xml:37:13
	android:name
		ADDED from AndroidManifest.xml:36:13
uses-sdk
INJECTED from AndroidManifest.xml:0:0 reason: use-sdk injection requested
MERGED from com.android.support:appcompat-v7:23.1.1:20:5
MERGED from com.android.support:support-v4:23.1.1:20:5
MERGED from com.google.android.gms:play-services-location:8.3.0:18:5
MERGED from com.google.android.gms:play-services-base:8.3.0:18:5
MERGED from com.google.android.gms:play-services-basement:8.3.0:18:5
MERGED from com.android.support:support-v4:23.1.1:20:5
MERGED from com.google.android.gms:play-services-maps:8.3.0:26:5
MERGED from com.google.android.gms:play-services-base:8.3.0:18:5
MERGED from com.google.android.gms:play-services-basement:8.3.0:18:5
MERGED from com.android.support:support-v4:23.1.1:20:5
MERGED from com.android.support:cardview-v7:23.1.1:20:5
MERGED from com.awareframework:aware-core:3.9.5:7:5
	android:targetSdkVersion
		INJECTED from AndroidManifest.xml:0:0
		INJECTED from AndroidManifest.xml:0:0
	android:minSdkVersion
		INJECTED from AndroidManifest.xml:0:0
		INJECTED from AndroidManifest.xml:0:0
uses-permission#android.permission.ACCESS_NETWORK_STATE
ADDED from com.google.android.gms:play-services-maps:8.3.0:20:5
MERGED from com.awareframework:aware-core:3.9.5:49:5
	android:name
		ADDED from com.google.android.gms:play-services-maps:8.3.0:20:22
uses-permission#android.permission.INTERNET
ADDED from com.google.android.gms:play-services-maps:8.3.0:21:5
MERGED from com.awareframework:aware-core:3.9.5:48:5
	android:name
		ADDED from com.google.android.gms:play-services-maps:8.3.0:21:22
uses-feature#0x00020000
ADDED from com.google.android.gms:play-services-maps:8.3.0:22:5
	android:required
		ADDED from com.google.android.gms:play-services-maps:8.3.0:24:8
	android:glEsVersion
		ADDED from com.google.android.gms:play-services-maps:8.3.0:23:8
uses-feature#android.hardware.camera
ADDED from com.awareframework:aware-core:3.9.5:11:5
	android:name
		ADDED from com.awareframework:aware-core:3.9.5:11:19
uses-feature#android.hardware.camera.autofocus
ADDED from com.awareframework:aware-core:3.9.5:12:5
	android:name
		ADDED from com.awareframework:aware-core:3.9.5:12:19
uses-permission#com.aware.READ_CONTEXT_DATA
ADDED from com.awareframework:aware-core:3.9.5:45:5
	android:name
		ADDED from com.awareframework:aware-core:3.9.5:45:22
uses-permission#com.aware.WRITE_CONTEXT_DATA
ADDED from com.awareframework:aware-core:3.9.5:46:5
	android:name
		ADDED from com.awareframework:aware-core:3.9.5:46:22
uses-permission#android.permission.WRITE_EXTERNAL_STORAGE
ADDED from com.awareframework:aware-core:3.9.5:47:5
	android:name
		ADDED from com.awareframework:aware-core:3.9.5:47:22
uses-permission#android.permission.WAKE_LOCK
ADDED from com.awareframework:aware-core:3.9.5:50:5
	android:name
		ADDED from com.awareframework:aware-core:3.9.5:50:22
uses-permission#android.permission.BIND_ACCESSIBILITY_SERVICE
ADDED from com.awareframework:aware-core:3.9.5:51:5
	android:name
		ADDED from com.awareframework:aware-core:3.9.5:51:22
meta-data#com.google.android.gms.vision.DEPENDENCIES
ADDED from com.awareframework:aware-core:3.9.5:61:9
	android:name
		ADDED from com.awareframework:aware-core:3.9.5:62:13
	android:value
		ADDED from com.awareframework:aware-core:3.9.5:63:13
activity#com.aware.Aware_Preferences
ADDED from com.awareframework:aware-core:3.9.5:64:9
	android:label
		ADDED from com.awareframework:aware-core:3.9.5:70:13
	android:icon
		ADDED from com.awareframework:aware-core:3.9.5:69:13
	android:configChanges
		ADDED from com.awareframework:aware-core:3.9.5:66:13
	android:theme
		ADDED from com.awareframework:aware-core:3.9.5:72:13
	android:exported
		ADDED from com.awareframework:aware-core:3.9.5:68:13
	android:enabled
		ADDED from com.awareframework:aware-core:3.9.5:67:13
	android:name
		ADDED from com.awareframework:aware-core:3.9.5:65:13
	android:launchMode
		ADDED from com.awareframework:aware-core:3.9.5:71:13
intent-filter#android.intent.action.MAIN+android.intent.category.LAUNCHER
ADDED from com.awareframework:aware-core:3.9.5:73:13
action#android.intent.action.MAIN
ADDED from com.awareframework:aware-core:3.9.5:74:17
	android:name
		ADDED from com.awareframework:aware-core:3.9.5:74:25
category#android.intent.category.LAUNCHER
ADDED from com.awareframework:aware-core:3.9.5:76:17
	android:name
		ADDED from com.awareframework:aware-core:3.9.5:76:27
activity#com.aware.ui.Stream_UI
ADDED from com.awareframework:aware-core:3.9.5:79:9
	android:noHistory
		ADDED from com.awareframework:aware-core:3.9.5:87:13
	android:label
		ADDED from com.awareframework:aware-core:3.9.5:85:13
	android:icon
		ADDED from com.awareframework:aware-core:3.9.5:84:13
	android:configChanges
		ADDED from com.awareframework:aware-core:3.9.5:81:13
	android:theme
		ADDED from com.awareframework:aware-core:3.9.5:89:13
	android:exported
		ADDED from com.awareframework:aware-core:3.9.5:83:13
	android:enabled
		ADDED from com.awareframework:aware-core:3.9.5:82:13
	android:parentActivityName
		ADDED from com.awareframework:aware-core:3.9.5:88:13
	android:name
		ADDED from com.awareframework:aware-core:3.9.5:80:13
	android:launchMode
		ADDED from com.awareframework:aware-core:3.9.5:86:13
intent-filter#android.intent.action.ASSIST+android.intent.category.DEFAULT+android.intent.category.LAUNCHER
ADDED from com.awareframework:aware-core:3.9.5:90:13
action#android.intent.action.ASSIST
ADDED from com.awareframework:aware-core:3.9.5:91:17
	android:name
		ADDED from com.awareframework:aware-core:3.9.5:91:25
category#android.intent.category.DEFAULT
ADDED from com.awareframework:aware-core:3.9.5:93:17
	android:name
		ADDED from com.awareframework:aware-core:3.9.5:93:27
meta-data#com.android.systemui.action_assist_icon
ADDED from com.awareframework:aware-core:3.9.5:97:13
	android:resource
		ADDED from com.awareframework:aware-core:3.9.5:99:17
	android:name
		ADDED from com.awareframework:aware-core:3.9.5:98:17
meta-data#android.support.PARENT_ACTIVITY
ADDED from com.awareframework:aware-core:3.9.5:100:13
	android:name
		ADDED from com.awareframework:aware-core:3.9.5:101:17
	android:value
		ADDED from com.awareframework:aware-core:3.9.5:102:17
activity#com.aware.ui.Aware_QRCode
ADDED from com.awareframework:aware-core:3.9.5:104:9
	android:label
		ADDED from com.awareframework:aware-core:3.9.5:108:13
	android:configChanges
		ADDED from com.awareframework:aware-core:3.9.5:106:13
	android:theme
		ADDED from com.awareframework:aware-core:3.9.5:111:13
	android:enabled
		ADDED from com.awareframework:aware-core:3.9.5:107:13
	android:parentActivityName
		ADDED from com.awareframework:aware-core:3.9.5:110:13
	android:name
		ADDED from com.awareframework:aware-core:3.9.5:105:13
	android:launchMode
		ADDED from com.awareframework:aware-core:3.9.5:109:13
activity#com.aware.ui.Plugins_Manager
ADDED from com.awareframework:aware-core:3.9.5:116:9
	android:label
		ADDED from com.awareframework:aware-core:3.9.5:121:13
	android:icon
		ADDED from com.awareframework:aware-core:3.9.5:120:13
	android:configChanges
		ADDED from com.awareframework:aware-core:3.9.5:118:13
	android:theme
		ADDED from com.awareframework:aware-core:3.9.5:124:13
	android:exported
		ADDED from com.awareframework:aware-core:3.9.5:119:13
	android:parentActivityName
		ADDED from com.awareframework:aware-core:3.9.5:123:13
	android:name
		ADDED from com.awareframework:aware-core:3.9.5:117:13
	android:launchMode
		ADDED from com.awareframework:aware-core:3.9.5:122:13
activity#com.aware.ui.About
ADDED from com.awareframework:aware-core:3.9.5:129:9
	android:label
		ADDED from com.awareframework:aware-core:3.9.5:134:13
	android:configChanges
		ADDED from com.awareframework:aware-core:3.9.5:131:13
	android:theme
		ADDED from com.awareframework:aware-core:3.9.5:137:13
	android:exported
		ADDED from com.awareframework:aware-core:3.9.5:133:13
	android:enabled
		ADDED from com.awareframework:aware-core:3.9.5:132:13
	android:parentActivityName
		ADDED from com.awareframework:aware-core:3.9.5:136:13
	android:name
		ADDED from com.awareframework:aware-core:3.9.5:130:13
	android:launchMode
		ADDED from com.awareframework:aware-core:3.9.5:135:13
activity#com.aware.ui.ESM_Queue
ADDED from com.awareframework:aware-core:3.9.5:142:9
	android:noHistory
		ADDED from com.awareframework:aware-core:3.9.5:148:13
	android:configChanges
		ADDED from com.awareframework:aware-core:3.9.5:144:13
	android:theme
		ADDED from com.awareframework:aware-core:3.9.5:149:13
	android:exported
		ADDED from com.awareframework:aware-core:3.9.5:146:13
	android:excludeFromRecents
		ADDED from com.awareframework:aware-core:3.9.5:145:13
	android:name
		ADDED from com.awareframework:aware-core:3.9.5:143:13
	android:launchMode
		ADDED from com.awareframework:aware-core:3.9.5:147:13
activity#com.aware.ui.PermissionsHandler
ADDED from com.awareframework:aware-core:3.9.5:150:9
	android:noHistory
		ADDED from com.awareframework:aware-core:3.9.5:156:13
	android:configChanges
		ADDED from com.awareframework:aware-core:3.9.5:152:13
	android:theme
		ADDED from com.awareframework:aware-core:3.9.5:157:13
	android:exported
		ADDED from com.awareframework:aware-core:3.9.5:154:13
	android:excludeFromRecents
		ADDED from com.awareframework:aware-core:3.9.5:153:13
	android:name
		ADDED from com.awareframework:aware-core:3.9.5:151:13
	android:launchMode
		ADDED from com.awareframework:aware-core:3.9.5:155:13
service#com.aware.Keyboard
ADDED from com.awareframework:aware-core:3.9.5:158:9
	android:exported
		ADDED from com.awareframework:aware-core:3.9.5:160:13
	android:name
		ADDED from com.awareframework:aware-core:3.9.5:159:13
service#com.aware.utils.Scheduler
ADDED from com.awareframework:aware-core:3.9.5:161:9
	android:exported
		ADDED from com.awareframework:aware-core:3.9.5:163:13
	android:name
		ADDED from com.awareframework:aware-core:3.9.5:162:13
service#com.aware.Aware
ADDED from com.awareframework:aware-core:3.9.5:164:9
	android:exported
		ADDED from com.awareframework:aware-core:3.9.5:166:13
	android:name
		ADDED from com.awareframework:aware-core:3.9.5:165:13
service#com.aware.Aware$JoinStudy
ADDED from com.awareframework:aware-core:3.9.5:167:9
	android:exported
		ADDED from com.awareframework:aware-core:3.9.5:169:13
	android:name
		ADDED from com.awareframework:aware-core:3.9.5:168:13
service#com.aware.Applications
ADDED from com.awareframework:aware-core:3.9.5:170:9
	android:exported
		ADDED from com.awareframework:aware-core:3.9.5:173:13
	android:enabled
		ADDED from com.awareframework:aware-core:3.9.5:172:13
	android:permission
		ADDED from com.awareframework:aware-core:3.9.5:174:13
	android:name
		ADDED from com.awareframework:aware-core:3.9.5:171:13
intent-filter#android.accessibilityservice.AccessibilityService+android.accessibilityservice.category.FEEDBACK_GENERIC
ADDED from com.awareframework:aware-core:3.9.5:175:13
action#android.accessibilityservice.AccessibilityService
ADDED from com.awareframework:aware-core:3.9.5:176:17
	android:name
		ADDED from com.awareframework:aware-core:3.9.5:176:25
category#android.accessibilityservice.category.FEEDBACK_GENERIC
ADDED from com.awareframework:aware-core:3.9.5:178:17
	android:name
		ADDED from com.awareframework:aware-core:3.9.5:178:27
meta-data#android.accessibilityservice
ADDED from com.awareframework:aware-core:3.9.5:181:13
	android:resource
		ADDED from com.awareframework:aware-core:3.9.5:183:17
	android:name
		ADDED from com.awareframework:aware-core:3.9.5:182:17
service#com.aware.Applications$BackgroundService
ADDED from com.awareframework:aware-core:3.9.5:185:9
	android:exported
		ADDED from com.awareframework:aware-core:3.9.5:187:13
	android:name
		ADDED from com.awareframework:aware-core:3.9.5:186:13
service#com.aware.Locations
ADDED from com.awareframework:aware-core:3.9.5:189:9
	android:exported
		ADDED from com.awareframework:aware-core:3.9.5:191:13
	android:name
		ADDED from com.awareframework:aware-core:3.9.5:190:13
service#com.aware.Bluetooth
ADDED from com.awareframework:aware-core:3.9.5:193:9
	android:exported
		ADDED from com.awareframework:aware-core:3.9.5:195:13
	android:name
		ADDED from com.awareframework:aware-core:3.9.5:194:13
service#com.aware.Screen
ADDED from com.awareframework:aware-core:3.9.5:197:9
	android:exported
		ADDED from com.awareframework:aware-core:3.9.5:199:13
	android:name
		ADDED from com.awareframework:aware-core:3.9.5:198:13
service#com.aware.Battery
ADDED from com.awareframework:aware-core:3.9.5:201:9
	android:exported
		ADDED from com.awareframework:aware-core:3.9.5:203:13
	android:name
		ADDED from com.awareframework:aware-core:3.9.5:202:13
service#com.aware.Network
ADDED from com.awareframework:aware-core:3.9.5:205:9
	android:exported
		ADDED from com.awareframework:aware-core:3.9.5:207:13
	android:name
		ADDED from com.awareframework:aware-core:3.9.5:206:13
service#com.aware.Communication
ADDED from com.awareframework:aware-core:3.9.5:209:9
	android:exported
		ADDED from com.awareframework:aware-core:3.9.5:211:13
	android:name
		ADDED from com.awareframework:aware-core:3.9.5:210:13
service#com.aware.Processor
ADDED from com.awareframework:aware-core:3.9.5:213:9
	android:exported
		ADDED from com.awareframework:aware-core:3.9.5:215:13
	android:name
		ADDED from com.awareframework:aware-core:3.9.5:214:13
service#com.aware.TimeZone
ADDED from com.awareframework:aware-core:3.9.5:217:9
	android:exported
		ADDED from com.awareframework:aware-core:3.9.5:219:13
	android:name
		ADDED from com.awareframework:aware-core:3.9.5:218:13
service#com.aware.Mqtt
ADDED from com.awareframework:aware-core:3.9.5:221:9
	android:exported
		ADDED from com.awareframework:aware-core:3.9.5:223:13
	android:name
		ADDED from com.awareframework:aware-core:3.9.5:222:13
service#com.aware.Traffic
ADDED from com.awareframework:aware-core:3.9.5:225:9
	android:exported
		ADDED from com.awareframework:aware-core:3.9.5:227:13
	android:name
		ADDED from com.awareframework:aware-core:3.9.5:226:13
service#com.aware.Accelerometer
ADDED from com.awareframework:aware-core:3.9.5:229:9
	android:exported
		ADDED from com.awareframework:aware-core:3.9.5:231:13
	android:name
		ADDED from com.awareframework:aware-core:3.9.5:230:13
service#com.aware.Gyroscope
ADDED from com.awareframework:aware-core:3.9.5:233:9
	android:exported
		ADDED from com.awareframework:aware-core:3.9.5:235:13
	android:name
		ADDED from com.awareframework:aware-core:3.9.5:234:13
service#com.aware.Bluetooth$BackgroundService
ADDED from com.awareframework:aware-core:3.9.5:237:9
	android:exported
		ADDED from com.awareframework:aware-core:3.9.5:239:13
	android:name
		ADDED from com.awareframework:aware-core:3.9.5:238:13
service#com.aware.WiFi
ADDED from com.awareframework:aware-core:3.9.5:241:9
	android:exported
		ADDED from com.awareframework:aware-core:3.9.5:243:13
	android:name
		ADDED from com.awareframework:aware-core:3.9.5:242:13
service#com.aware.WiFi$BackgroundService
ADDED from com.awareframework:aware-core:3.9.5:245:9
	android:exported
		ADDED from com.awareframework:aware-core:3.9.5:247:13
	android:name
		ADDED from com.awareframework:aware-core:3.9.5:246:13
service#com.aware.Telephony
ADDED from com.awareframework:aware-core:3.9.5:249:9
	android:exported
		ADDED from com.awareframework:aware-core:3.9.5:251:13
	android:name
		ADDED from com.awareframework:aware-core:3.9.5:250:13
service#com.aware.Rotation
ADDED from com.awareframework:aware-core:3.9.5:253:9
	android:exported
		ADDED from com.awareframework:aware-core:3.9.5:255:13
	android:name
		ADDED from com.awareframework:aware-core:3.9.5:254:13
service#com.aware.Light
ADDED from com.awareframework:aware-core:3.9.5:257:9
	android:exported
		ADDED from com.awareframework:aware-core:3.9.5:259:13
	android:name
		ADDED from com.awareframework:aware-core:3.9.5:258:13
service#com.aware.Proximity
ADDED from com.awareframework:aware-core:3.9.5:261:9
	android:exported
		ADDED from com.awareframework:aware-core:3.9.5:263:13
	android:name
		ADDED from com.awareframework:aware-core:3.9.5:262:13
service#com.aware.Magnetometer
ADDED from com.awareframework:aware-core:3.9.5:265:9
	android:exported
		ADDED from com.awareframework:aware-core:3.9.5:267:13
	android:name
		ADDED from com.awareframework:aware-core:3.9.5:266:13
service#com.aware.Barometer
ADDED from com.awareframework:aware-core:3.9.5:269:9
	android:exported
		ADDED from com.awareframework:aware-core:3.9.5:271:13
	android:name
		ADDED from com.awareframework:aware-core:3.9.5:270:13
service#com.aware.Gravity
ADDED from com.awareframework:aware-core:3.9.5:273:9
	android:exported
		ADDED from com.awareframework:aware-core:3.9.5:275:13
	android:name
		ADDED from com.awareframework:aware-core:3.9.5:274:13
service#com.aware.LinearAccelerometer
ADDED from com.awareframework:aware-core:3.9.5:277:9
	android:exported
		ADDED from com.awareframework:aware-core:3.9.5:279:13
	android:name
		ADDED from com.awareframework:aware-core:3.9.5:278:13
service#com.aware.Temperature
ADDED from com.awareframework:aware-core:3.9.5:281:9
	android:exported
		ADDED from com.awareframework:aware-core:3.9.5:283:13
	android:name
		ADDED from com.awareframework:aware-core:3.9.5:282:13
service#com.aware.ESM
ADDED from com.awareframework:aware-core:3.9.5:285:9
	android:exported
		ADDED from com.awareframework:aware-core:3.9.5:287:13
	android:name
		ADDED from com.awareframework:aware-core:3.9.5:286:13
service#com.aware.ESM$BackgroundService
ADDED from com.awareframework:aware-core:3.9.5:289:9
	android:exported
		ADDED from com.awareframework:aware-core:3.9.5:291:13
	android:name
		ADDED from com.awareframework:aware-core:3.9.5:290:13
service#com.aware.Installations
ADDED from com.awareframework:aware-core:3.9.5:293:9
	android:exported
		ADDED from com.awareframework:aware-core:3.9.5:295:13
	android:name
		ADDED from com.awareframework:aware-core:3.9.5:294:13
service#com.aware.utils.WebserviceHelper
ADDED from com.awareframework:aware-core:3.9.5:297:9
	android:exported
		ADDED from com.awareframework:aware-core:3.9.5:299:13
	android:name
		ADDED from com.awareframework:aware-core:3.9.5:298:13
intent-filter#ACTION_AWARE_WEBSERVICE_CLEAR_TABLE+ACTION_AWARE_WEBSERVICE_SYNC_TABLE
ADDED from com.awareframework:aware-core:3.9.5:300:13
action#ACTION_AWARE_WEBSERVICE_SYNC_TABLE
ADDED from com.awareframework:aware-core:3.9.5:301:17
	android:name
		ADDED from com.awareframework:aware-core:3.9.5:301:25
action#ACTION_AWARE_WEBSERVICE_CLEAR_TABLE
ADDED from com.awareframework:aware-core:3.9.5:302:17
	android:name
		ADDED from com.awareframework:aware-core:3.9.5:302:25
service#com.aware.Aware$UpdateFrameworkService
ADDED from com.awareframework:aware-core:3.9.5:305:9
	android:exported
		ADDED from com.awareframework:aware-core:3.9.5:308:13
	android:enabled
		ADDED from com.awareframework:aware-core:3.9.5:307:13
	android:name
		ADDED from com.awareframework:aware-core:3.9.5:306:13
service#com.aware.Aware$UpdatePlugins
ADDED from com.awareframework:aware-core:3.9.5:309:9
	android:exported
		ADDED from com.awareframework:aware-core:3.9.5:312:13
	android:enabled
		ADDED from com.awareframework:aware-core:3.9.5:311:13
	android:name
		ADDED from com.awareframework:aware-core:3.9.5:310:13
service#com.aware.utils.DownloadPluginService
ADDED from com.awareframework:aware-core:3.9.5:313:9
	android:exported
		ADDED from com.awareframework:aware-core:3.9.5:315:13
	android:name
		ADDED from com.awareframework:aware-core:3.9.5:314:13
service#com.aware.Aware_Preferences$StudyConfig
ADDED from com.awareframework:aware-core:3.9.5:316:9
	android:exported
		ADDED from com.awareframework:aware-core:3.9.5:318:13
	android:name
		ADDED from com.awareframework:aware-core:3.9.5:317:13
service#com.aware.utils.Aware_TTS
ADDED from com.awareframework:aware-core:3.9.5:319:9
	android:exported
		ADDED from com.awareframework:aware-core:3.9.5:321:13
	android:name
		ADDED from com.awareframework:aware-core:3.9.5:320:13
service#com.aware.utils.WearClient
ADDED from com.awareframework:aware-core:3.9.5:322:9
	android:exported
		ADDED from com.awareframework:aware-core:3.9.5:324:13
	android:name
		ADDED from com.awareframework:aware-core:3.9.5:323:13
receiver#com.aware.utils.WearClient$AndroidWearHTTPClient
ADDED from com.awareframework:aware-core:3.9.5:325:9
	android:exported
		ADDED from com.awareframework:aware-core:3.9.5:328:13
	android:enabled
		ADDED from com.awareframework:aware-core:3.9.5:327:13
	android:name
		ADDED from com.awareframework:aware-core:3.9.5:326:13
intent-filter#ACTION_AWARE_ANDROID_WEAR_HTTP_GET+ACTION_AWARE_ANDROID_WEAR_HTTP_POST+ACTION_AWARE_ANDROID_WEAR_JOIN_STUDY+ACTION_AWARE_ANDROID_WEAR_QUIT_STUDY
ADDED from com.awareframework:aware-core:3.9.5:329:13
action#ACTION_AWARE_ANDROID_WEAR_HTTP_GET
ADDED from com.awareframework:aware-core:3.9.5:330:17
	android:name
		ADDED from com.awareframework:aware-core:3.9.5:330:25
action#ACTION_AWARE_ANDROID_WEAR_HTTP_POST
ADDED from com.awareframework:aware-core:3.9.5:331:17
	android:name
		ADDED from com.awareframework:aware-core:3.9.5:331:25
action#ACTION_AWARE_ANDROID_WEAR_JOIN_STUDY
ADDED from com.awareframework:aware-core:3.9.5:332:17
	android:name
		ADDED from com.awareframework:aware-core:3.9.5:332:25
action#ACTION_AWARE_ANDROID_WEAR_QUIT_STUDY
ADDED from com.awareframework:aware-core:3.9.5:333:17
	android:name
		ADDED from com.awareframework:aware-core:3.9.5:333:25
receiver#com.aware.utils.Aware_TTS$Aware_TTS_Receiver
ADDED from com.awareframework:aware-core:3.9.5:336:9
	android:exported
		ADDED from com.awareframework:aware-core:3.9.5:338:13
	android:name
		ADDED from com.awareframework:aware-core:3.9.5:337:13
intent-filter#ACTION_AWARE_TTS_SPEAK
ADDED from com.awareframework:aware-core:3.9.5:339:13
action#ACTION_AWARE_TTS_SPEAK
ADDED from com.awareframework:aware-core:3.9.5:340:17
	android:name
		ADDED from com.awareframework:aware-core:3.9.5:340:25
receiver#com.aware.Aware$Aware_Broadcaster
ADDED from com.awareframework:aware-core:3.9.5:343:9
	android:exported
		ADDED from com.awareframework:aware-core:3.9.5:345:13
	android:name
		ADDED from com.awareframework:aware-core:3.9.5:344:13
intent-filter#ACTION_AWARE_CLEAR_DATA+ACTION_AWARE_CONFIGURATION+ACTION_AWARE_REFRESH+ACTION_AWARE_SYNC_DATA
ADDED from com.awareframework:aware-core:3.9.5:346:13
action#ACTION_AWARE_SYNC_DATA
ADDED from com.awareframework:aware-core:3.9.5:347:17
	android:name
		ADDED from com.awareframework:aware-core:3.9.5:347:25
action#ACTION_AWARE_CLEAR_DATA
ADDED from com.awareframework:aware-core:3.9.5:348:17
	android:name
		ADDED from com.awareframework:aware-core:3.9.5:348:25
action#ACTION_AWARE_CONFIGURATION
ADDED from com.awareframework:aware-core:3.9.5:349:17
	android:name
		ADDED from com.awareframework:aware-core:3.9.5:349:25
action#ACTION_AWARE_REFRESH
ADDED from com.awareframework:aware-core:3.9.5:350:17
	android:name
		ADDED from com.awareframework:aware-core:3.9.5:350:25
receiver#com.aware.Aware$PluginMonitor
ADDED from com.awareframework:aware-core:3.9.5:353:9
	android:exported
		ADDED from com.awareframework:aware-core:3.9.5:356:13
	android:enabled
		ADDED from com.awareframework:aware-core:3.9.5:355:13
	android:name
		ADDED from com.awareframework:aware-core:3.9.5:354:13
intent-filter#android.intent.action.PACKAGE_ADDED+android.intent.action.PACKAGE_REMOVED
ADDED from com.awareframework:aware-core:3.9.5:357:13
action#android.intent.action.PACKAGE_ADDED
ADDED from com.awareframework:aware-core:3.9.5:358:17
	android:name
		ADDED from com.awareframework:aware-core:3.9.5:358:25
action#android.intent.action.PACKAGE_REMOVED
ADDED from com.awareframework:aware-core:3.9.5:359:17
	android:name
		ADDED from com.awareframework:aware-core:3.9.5:359:25
data
ADDED from com.awareframework:aware-core:3.9.5:361:17
	android:scheme
		ADDED from com.awareframework:aware-core:3.9.5:361:23
receiver#com.aware.Aware$Storage_Broadcaster
ADDED from com.awareframework:aware-core:3.9.5:364:9
	android:exported
		ADDED from com.awareframework:aware-core:3.9.5:367:13
	android:enabled
		ADDED from com.awareframework:aware-core:3.9.5:366:13
	android:name
		ADDED from com.awareframework:aware-core:3.9.5:365:13
intent-filter#android.intent.action.MEDIA_MOUNTED+android.intent.action.MEDIA_UNMOUNTED
ADDED from com.awareframework:aware-core:3.9.5:368:13
action#android.intent.action.MEDIA_MOUNTED
ADDED from com.awareframework:aware-core:3.9.5:369:17
	android:name
		ADDED from com.awareframework:aware-core:3.9.5:369:25
action#android.intent.action.MEDIA_UNMOUNTED
ADDED from com.awareframework:aware-core:3.9.5:370:17
	android:name
		ADDED from com.awareframework:aware-core:3.9.5:370:25